<?xml version="1.0" encoding="UTF-8"?>
<!-- Generated by org.testng.reporters.JUnitReportReporter -->
<testsuite hostname="DESKTOP-952Q9QQ" failures="0" tests="2" name="testScript.NewsTest" time="19.979" errors="0" timestamp="2025-09-11T07:24:51 IST" skipped="0">
  <testcase classname="testScript.NewsTest" name="verifyaddnews" time="10.423"/>
  <testcase classname="testScript.NewsTest" name="verifyresetnews" time="9.556"/>
</testsuite> <!-- testScript.NewsTest -->
